<?xml version="1.0" encoding="UTF-8"?>
<testsuite name="addressbook.FileIOAddressBookTest" tests="1" skipped="0" failures="0" errors="0" timestamp="2021-05-31T12:04:50" hostname="DESKTOP-45808RR" time="1.022">
  <properties/>
  <testcase name="writeContactsToFile" classname="addressbook.FileIOAddressBookTest" time="1.022"/>
  <system-out><![CDATA[]]></system-out>
  <system-err><![CDATA[]]></system-err>
</testsuite>
